<?xml version="1.0" encoding="UTF-8"?>
<testng-results ignored="0" total="1" passed="1" failed="0" skipped="0">
  <reporter-output>
  </reporter-output>
  <suite started-at="2024-10-26T20:42:09 IST" name="Suite" finished-at="2024-10-26T20:42:20 IST" duration-ms="11284">
    <groups>
    </groups>
    <test started-at="2024-10-26T20:42:09 IST" name="Test" finished-at="2024-10-26T20:42:20 IST" duration-ms="11284">
      <class name="ghj.launchTest">
        <test-method is-config="true" signature="setup()[pri:0, instance:ghj.launchTest@4dbb42b7]" started-at="2024-10-26T20:42:09 IST" name="setup" finished-at="2024-10-26T20:42:15 IST" duration-ms="6602" status="PASS">
          <reporter-output>
          </reporter-output>
        </test-method> <!-- setup -->
        <test-method signature="testLogin()[pri:0, instance:ghj.launchTest@4dbb42b7]" started-at="2024-10-26T20:42:16 IST" name="testLogin" finished-at="2024-10-26T20:42:20 IST" duration-ms="4605" status="PASS">
          <reporter-output>
          </reporter-output>
        </test-method> <!-- testLogin -->
      </class> <!-- ghj.launchTest -->
    </test> <!-- Test -->
  </suite> <!-- Suite -->
</testng-results>
